-------------------------------------------------------------------------------
Test set: org.arquillian.example.MySimpleBeanTest
-------------------------------------------------------------------------------
Tests run: 1, Failures: 0, Errors: 1, Skipped: 0, Time elapsed: 29.912 sec <<< FAILURE!
should_be_deployed(org.arquillian.example.MySimpleBeanTest)  Time elapsed: 29.908 sec  <<< ERROR!
java.lang.IllegalStateException: Cannot obtain Arquillian config for: org.arquillian.example.MySimpleBeanTest
	at org.jboss.as.arquillian.service.ArquillianService.getArquillianConfig(ArquillianService.java:183)
	at org.jboss.as.arquillian.service.ArquillianService.getArquillianConfig(ArquillianService.java:193)
	at org.jboss.as.arquillian.service.ArquillianService.access$300(ArquillianService.java:69)
	at org.jboss.as.arquillian.service.ArquillianService$ExtendedJMXTestRunner.runTestMethod(ArquillianService.java:222)
	at sun.reflect.NativeMethodAccessorImpl.invoke0(Native Method)
	at sun.reflect.NativeMethodAccessorImpl.invoke(NativeMethodAccessorImpl.java:57)
	at sun.reflect.DelegatingMethodAccessorImpl.invoke(DelegatingMethodAccessorImpl.java:43)
	at java.lang.reflect.Method.invoke(Method.java:601)
	at com.sun.jmx.mbeanserver.StandardMBeanIntrospector.invokeM2(StandardMBeanIntrospector.java:111)
	at com.sun.jmx.mbeanserver.StandardMBeanIntrospector.invokeM2(StandardMBeanIntrospector.java:45)
	at com.sun.jmx.mbeanserver.MBeanIntrospector.invokeM(MBeanIntrospector.java:235)
	at com.sun.jmx.mbeanserver.PerInterface.invoke(PerInterface.java:138)
	at com.sun.jmx.mbeanserver.MBeanSupport.invoke(MBeanSupport.java:252)
	at com.sun.jmx.interceptor.DefaultMBeanServerInterceptor.invoke(DefaultMBeanServerInterceptor.java:819)
	at com.sun.jmx.mbeanserver.JmxMBeanServer.invoke(JmxMBeanServer.java:792)
	at org.jboss.as.jmx.PluggableMBeanServerImpl$TcclMBeanServer.invoke(PluggableMBeanServerImpl.java:498)
	at org.jboss.as.jmx.PluggableMBeanServerImpl.invoke(PluggableMBeanServerImpl.java:246)
	at org.jboss.remotingjmx.protocol.v1.ServerProxy$InvokeHandler.handle(ServerProxy.java:1034)
	at org.jboss.remotingjmx.protocol.v1.ServerProxy$MessageReciever$1.run(ServerProxy.java:215)
	at java.util.concurrent.ThreadPoolExecutor.runWorker(ThreadPoolExecutor.java:1145)
	at java.util.concurrent.ThreadPoolExecutor$Worker.run(ThreadPoolExecutor.java:615)
	at java.lang.Thread.run(Thread.java:722)

