<?xml version="1.0" encoding="UTF-8" ?>
<testsuite failures="1" time="0.881" errors="0" skipped="0" tests="1" name="org.arquillian.example.HelloTest">
  <properties>
[...]
</properties>
  <testcase time="0.881" classname="org.arquillian.example.HelloTest" name="isHelloValid">
    <failure type="java.lang.AssertionError:">java.lang.AssertionError: 
	at org.junit.Assert.fail(Assert.java:91)
	at org.junit.Assert.assertTrue(Assert.java:43)
	at org.junit.Assert.assertNotNull(Assert.java:524)
	at org.junit.Assert.assertNotNull(Assert.java:535)
	at org.arquillian.example.HelloTest.isHelloValid(HelloTest.java:26)
	at sun.reflect.NativeMethodAccessorImpl.invoke0(Native Method)
	at sun.reflect.NativeMethodAccessorImpl.invoke(NativeMethodAccessorImpl.java:57)
	at sun.reflect.DelegatingMethodAccessorImpl.invoke(DelegatingMethodAccessorImpl.java:43)
	at java.lang.reflect.Method.invoke(Method.java:601)
	at org.junit.runners.model.FrameworkMethod$1.runReflectiveCall(FrameworkMethod.java:44)
	at org.junit.internal.runners.model.ReflectiveCallable.run(ReflectiveCallable.java:15)
	at org.junit.runners.model.FrameworkMethod.invokeExplosively(FrameworkMethod.java:41)
	at org.jboss.arquillian.junit.Arquillian$6$1.invoke(Arquillian.java:270)
	at org.jboss.arquillian.container.test.impl.execution.LocalTestExecuter.execute(LocalTestExecuter.java:60)
	at sun.reflect.NativeMethodAccessorImpl.invoke0(Native Method)
	at sun.reflect.NativeMethodAccessorImpl.invoke(NativeMethodAccessorImpl.java:57)
	at sun.reflect.DelegatingMethodAccessorImpl.invoke(DelegatingMethodAccessorImpl.java:43)
	at java.lang.reflect.Method.invoke(Method.java:601)
	at org.jboss.arquillian.core.impl.ObserverImpl.invoke(ObserverImpl.java:94)
	at org.jboss.arquillian.core.impl.EventContextImpl.invokeObservers(EventContextImpl.java:99)
	at org.jboss.arquillian.core.impl.EventContextImpl.proceed(EventContextImpl.java:81)
	at org.jboss.arquillian.core.impl.ManagerImpl.fire(ManagerImpl.java:135)
	at org.jboss.arquillian.core.impl.ManagerImpl.fire(ManagerImpl.java:115)
	at org.jboss.arquillian.core.impl.EventImpl.fire(EventImpl.java:67)
	at org.jboss.arquillian.container.test.impl.execution.ContainerTestExecuter.execute(ContainerTestExecuter.java:38)
	at sun.reflect.NativeMethodAccessorImpl.invoke0(Native Method)
	at sun.reflect.NativeMethodAccessorImpl.invoke(NativeMethodAccessorImpl.java:57)
	at sun.reflect.DelegatingMethodAccessorImpl.invoke(DelegatingMethodAccessorImpl.java:43)
	at java.lang.reflect.Method.invoke(Method.java:601)
	at org.jboss.arquillian.core.impl.ObserverImpl.invoke(ObserverImpl.java:94)
	at org.jboss.arquillian.core.impl.EventContextImpl.invokeObservers(EventContextImpl.java:99)
	at org.jboss.arquillian.core.impl.EventContextImpl.proceed(EventContextImpl.java:81)
	at org.jboss.arquillian.test.impl.TestContextHandler.createTestContext(TestContextHandler.java:102)
	at sun.reflect.NativeMethodAccessorImpl.invoke0(Native Method)
	at sun.reflect.NativeMethodAccessorImpl.invoke(NativeMethodAccessorImpl.java:57)
	at sun.reflect.DelegatingMethodAccessorImpl.invoke(DelegatingMethodAccessorImpl.java:43)
	at java.lang.reflect.Method.invoke(Method.java:601)
	at org.jboss.arquillian.core.impl.ObserverImpl.invoke(ObserverImpl.java:94)
	at org.jboss.arquillian.core.impl.EventContextImpl.proceed(EventContextImpl.java:88)
	at org.jboss.arquillian.test.impl.TestContextHandler.createClassContext(TestContextHandler.java:84)
	at sun.reflect.NativeMethodAccessorImpl.invoke0(Native Method)
	at sun.reflect.NativeMethodAccessorImpl.invoke(NativeMethodAccessorImpl.java:57)
	at sun.reflect.DelegatingMethodAccessorImpl.invoke(DelegatingMethodAccessorImpl.java:43)
	at java.lang.reflect.Method.invoke(Method.java:601)
	at org.jboss.arquillian.core.impl.ObserverImpl.invoke(ObserverImpl.java:94)
	at org.jboss.arquillian.core.impl.EventContextImpl.proceed(EventContextImpl.java:88)
	at org.jboss.arquillian.test.impl.TestContextHandler.createSuiteContext(TestContextHandler.java:65)
	at sun.reflect.NativeMethodAccessorImpl.invoke0(Native Method)
	at sun.reflect.NativeMethodAccessorImpl.invoke(NativeMethodAccessorImpl.java:57)
	at sun.reflect.DelegatingMethodAccessorImpl.invoke(DelegatingMethodAccessorImpl.java:43)
	at java.lang.reflect.Method.invoke(Method.java:601)
	at org.jboss.arquillian.core.impl.ObserverImpl.invoke(ObserverImpl.java:94)
	at org.jboss.arquillian.core.impl.EventContextImpl.proceed(EventContextImpl.java:88)
	at org.jboss.arquillian.core.impl.ManagerImpl.fire(ManagerImpl.java:135)
	at org.jboss.arquillian.test.impl.EventTestRunnerAdaptor.test(EventTestRunnerAdaptor.java:111)
	at org.jboss.arquillian.junit.Arquillian$6.evaluate(Arquillian.java:263)
	at org.jboss.arquillian.junit.Arquillian$4.evaluate(Arquillian.java:226)
	at org.jboss.arquillian.junit.Arquillian.multiExecute(Arquillian.java:314)
	at org.jboss.arquillian.junit.Arquillian.access$100(Arquillian.java:46)
	at org.jboss.arquillian.junit.Arquillian$5.evaluate(Arquillian.java:240)
	at org.junit.runners.BlockJUnit4ClassRunner.runChild(BlockJUnit4ClassRunner.java:76)
	at org.junit.runners.BlockJUnit4ClassRunner.runChild(BlockJUnit4ClassRunner.java:50)
	at org.junit.runners.ParentRunner$3.run(ParentRunner.java:193)
	at org.junit.runners.ParentRunner$1.schedule(ParentRunner.java:52)
	at org.junit.runners.ParentRunner.runChildren(ParentRunner.java:191)
	at org.junit.runners.ParentRunner.access$000(ParentRunner.java:42)
	at org.junit.runners.ParentRunner$2.evaluate(ParentRunner.java:184)
	at org.jboss.arquillian.junit.Arquillian$2.evaluate(Arquillian.java:185)
	at org.jboss.arquillian.junit.Arquillian.multiExecute(Arquillian.java:314)
	at org.jboss.arquillian.junit.Arquillian.access$100(Arquillian.java:46)
	at org.jboss.arquillian.junit.Arquillian$3.evaluate(Arquillian.java:199)
	at org.junit.runners.ParentRunner.run(ParentRunner.java:236)
	at org.jboss.arquillian.junit.Arquillian.run(Arquillian.java:147)
	at org.junit.runner.JUnitCore.run(JUnitCore.java:157)
	at org.junit.runner.JUnitCore.run(JUnitCore.java:136)
	at org.jboss.arquillian.junit.container.JUnitTestRunner.execute(JUnitTestRunner.java:65)
	at org.jboss.arquillian.protocol.jmx.JMXTestRunner.runTestMethodInternal(JMXTestRunner.java:129)
	at org.jboss.arquillian.protocol.jmx.JMXTestRunner.runTestMethod(JMXTestRunner.java:108)
	at org.jboss.as.arquillian.service.ArquillianService$ExtendedJMXTestRunner.runTestMethod(ArquillianService.java:226)
	at sun.reflect.NativeMethodAccessorImpl.invoke0(Native Method)
	at sun.reflect.NativeMethodAccessorImpl.invoke(NativeMethodAccessorImpl.java:57)
	at sun.reflect.DelegatingMethodAccessorImpl.invoke(DelegatingMethodAccessorImpl.java:43)
	at java.lang.reflect.Method.invoke(Method.java:601)
	at com.sun.jmx.mbeanserver.StandardMBeanIntrospector.invokeM2(StandardMBeanIntrospector.java:111)
	at com.sun.jmx.mbeanserver.StandardMBeanIntrospector.invokeM2(StandardMBeanIntrospector.java:45)
	at com.sun.jmx.mbeanserver.MBeanIntrospector.invokeM(MBeanIntrospector.java:235)
	at com.sun.jmx.mbeanserver.PerInterface.invoke(PerInterface.java:138)
	at com.sun.jmx.mbeanserver.MBeanSupport.invoke(MBeanSupport.java:252)
	at com.sun.jmx.interceptor.DefaultMBeanServerInterceptor.invoke(DefaultMBeanServerInterceptor.java:819)
	at com.sun.jmx.mbeanserver.JmxMBeanServer.invoke(JmxMBeanServer.java:792)
	at org.jboss.as.jmx.PluggableMBeanServerImpl$TcclMBeanServer.invoke(PluggableMBeanServerImpl.java:498)
	at org.jboss.as.jmx.PluggableMBeanServerImpl.invoke(PluggableMBeanServerImpl.java:246)
	at org.jboss.remotingjmx.protocol.v1.ServerProxy$InvokeHandler.handle(ServerProxy.java:1034)
	at org.jboss.remotingjmx.protocol.v1.ServerProxy$MessageReciever$1.run(ServerProxy.java:215)
	at java.util.concurrent.ThreadPoolExecutor.runWorker(ThreadPoolExecutor.java:1145)
	at java.util.concurrent.ThreadPoolExecutor$Worker.run(ThreadPoolExecutor.java:615)
	at java.lang.Thread.run(Thread.java:722)
</failure>
    <system-out>17:37:58,236 INFO  [org.jboss.modules] JBoss Modules version 1.1.1.GA
17:37:58,709 INFO  [org.jboss.msc] JBoss MSC version 1.0.2.GA
17:37:58,834 INFO  [org.jboss.as] JBAS015899: JBoss AS 7.1.1.Final &quot;Brontes&quot; starting
17:38:00,381 INFO  [org.xnio] XNIO Version 3.0.3.GA
17:38:00,381 INFO  [org.jboss.as.server] JBAS015888: Creating http management service using socket-binding (management-http)
17:38:00,395 INFO  [org.xnio.nio] XNIO NIO Implementation Version 3.0.3.GA
17:38:00,448 INFO  [org.jboss.as.logging] JBAS011502: Removing bootstrap log handlers
17:38:00,463 INFO  [org.jboss.remoting] (MSC service thread 1-4) JBoss Remoting version 3.2.3.GA
17:38:00,470 INFO  [org.jboss.as.configadmin] (ServerService Thread Pool -- 26) JBAS016200: Activating ConfigAdmin Subsystem
17:38:00,517 INFO  [org.jboss.as.connector.subsystems.datasources] (ServerService Thread Pool -- 27) JBAS010403: Deploying JDBC-compliant driver class org.h2.Driver (version 1.3)
17:38:00,528 INFO  [org.jboss.as.clustering.infinispan] (ServerService Thread Pool -- 31) JBAS010280: Activating Infinispan subsystem.
17:38:00,560 INFO  [org.jboss.as.connector] (MSC service thread 1-2) JBAS010408: Starting JCA Subsystem (JBoss IronJacamar 1.0.9.Final)
17:38:00,589 INFO  [org.jboss.as.osgi] (ServerService Thread Pool -- 39) JBAS011940: Activating OSGi Subsystem
17:38:00,697 INFO  [org.jboss.as.security] (ServerService Thread Pool -- 44) JBAS013101: Activating Security Subsystem
17:38:00,748 INFO  [org.jboss.as.naming] (ServerService Thread Pool -- 38) JBAS011800: Activating Naming Subsystem
17:38:00,842 INFO  [org.jboss.as.webservices] (ServerService Thread Pool -- 48) JBAS015537: Activating WebServices Extension
17:38:00,929 INFO  [org.jboss.as.security] (MSC service thread 1-2) JBAS013100: Current PicketBox version=4.0.7.Final
17:38:01,092 INFO  [org.jboss.as.naming] (MSC service thread 1-1) JBAS011802: Starting Naming Service
17:38:01,111 INFO  [org.jboss.as.mail.extension] (MSC service thread 1-1) JBAS015400: Bound mail session [java:jboss/mail/Default]
17:38:01,296 INFO  [org.apache.coyote.http11.Http11Protocol] (MSC service thread 1-1) Starting Coyote HTTP/1.1 on http--127.0.0.1-8080
17:38:01,778 INFO  [org.jboss.ws.common.management.AbstractServerConfig] (MSC service thread 1-1) JBoss Web Services - Stack CXF Server 4.0.2.GA
17:38:02,024 INFO  [org.jboss.as.server.deployment] (MSC service thread 1-3) JBAS015876: Starting deployment of &quot;test.jar&quot;
17:38:02,095 INFO  [org.jboss.as.remoting] (MSC service thread 1-4) JBAS017100: Listening on /127.0.0.1:4447
17:38:02,114 INFO  [org.jboss.as.server.deployment.scanner] (MSC service thread 1-3) JBAS015012: Started FileSystemDeploymentService for directory D:\java\jboss-as-7.1.1.Final\standalone\deployments
17:38:02,139 INFO  [org.jboss.as.remoting] (MSC service thread 1-3) JBAS017100: Listening on /127.0.0.1:9999
17:38:02,419 INFO  [org.jboss.as.connector.subsystems.datasources] (MSC service thread 1-2) JBAS010400: Bound data source [java:jboss/datasources/ExampleDS]
17:38:02,666 INFO  [org.jboss.as.server] (Controller Boot Thread) JBAS018559: Deployed &quot;test.jar&quot;
17:38:02,673 INFO  [org.jboss.as.controller] (Controller Boot Thread) JBAS014774: Service status report
JBAS014775:    New missing/unsatisfied dependencies:
      service jboss.module.spec.service.&quot;deployment.arquillian-service&quot;.main (missing) dependents: [service jboss.module.service.&quot;deployment.test.jar&quot;.main] 

17:38:02,716 INFO  [org.jboss.as] (Controller Boot Thread) JBAS015951: Admin console listening on http://127.0.0.1:9990
17:38:02,718 ERROR [org.jboss.as] (Controller Boot Thread) JBAS015875: JBoss AS 7.1.1.Final &quot;Brontes&quot; started (with errors) in 4989ms - Started 140 of 218 services (1 services failed or missing dependencies, 76 services are passive or on-demand)
17:38:04,341 INFO  [org.jboss.as.repository] (management-handler-thread - 2) JBAS014900: Content added at location D:\java\jboss-as-7.1.1.Final\standalone\data\content\13\c3435171563ca050b40cd492f06daf6c0eee29\content
17:38:04,348 INFO  [org.jboss.as.server.deployment] (MSC service thread 1-2) JBAS015876: Starting deployment of &quot;arquillian-service&quot;
17:38:04,957 WARN  [org.jboss.as.dependency.private] (MSC service thread 1-3) JBAS018567: Deployment &quot;deployment.arquillian-service&quot; is using a private module (&quot;org.jboss.as.jmx:main&quot;) which may be changed or removed in future versions without notice.
17:38:04,975 WARN  [org.jboss.as.dependency.private] (MSC service thread 1-3) JBAS018567: Deployment &quot;deployment.arquillian-service&quot; is using a private module (&quot;org.jboss.as.server:main&quot;) which may be changed or removed in future versions without notice.
17:38:04,977 WARN  [org.jboss.as.dependency.private] (MSC service thread 1-3) JBAS018567: Deployment &quot;deployment.arquillian-service&quot; is using a private module (&quot;org.jboss.as.osgi:main&quot;) which may be changed or removed in future versions without notice.
17:38:05,037 WARN  [org.jboss.as.dependency.private] (MSC service thread 1-3) JBAS018567: Deployment &quot;deployment.arquillian-service&quot; is using a private module (&quot;org.jboss.jandex:main&quot;) which may be changed or removed in future versions without notice.
17:38:05,043 WARN  [org.jboss.as.dependency.private] (MSC service thread 1-3) JBAS018567: Deployment &quot;deployment.arquillian-service&quot; is using a private module (&quot;org.jboss.osgi.framework:main&quot;) which may be changed or removed in future versions without notice.
17:38:04,998 INFO  [org.jboss.weld.deployer] (MSC service thread 1-1) JBAS016002: Processing weld deployment test.jar
17:38:05,174 INFO  [org.jboss.weld.deployer] (MSC service thread 1-1) JBAS016005: Starting Services for CDI deployment: test.jar
17:38:05,427 INFO  [org.jboss.weld.Version] (MSC service thread 1-1) WELD-000900 1.1.5 (AS71)
17:38:05,537 INFO  [org.jboss.weld.deployer] (MSC service thread 1-1) JBAS016008: Starting weld service for deployment test.jar
17:38:06,379 INFO  [org.jboss.as.server] (management-handler-thread - 2) JBAS018559: Deployed &quot;arquillian-service&quot;
17:38:06,380 INFO  [org.jboss.as.controller] (management-handler-thread - 2) JBAS014774: Service status report
JBAS014776:    Newly corrected services:
      service jboss.module.spec.service.&quot;deployment.arquillian-service&quot;.main (no longer required)

17:38:08,124 INFO  [org.jboss.as.repository] (management-handler-thread - 1) JBAS014900: Content added at location D:\java\jboss-as-7.1.1.Final\standalone\data\content\14\8a64fa09fe48ee3ececcdc5fdff9bd894f91e4\content
17:38:08,187 INFO  [org.jboss.as.repository] (management-handler-thread - 3) JBAS014900: Content added at location D:\java\jboss-as-7.1.1.Final\standalone\data\content\ac\04b308b6fd2bd3172ec9ff712087841b51ba93\content
17:38:08,195 INFO  [org.jboss.as.server.deployment] (MSC service thread 1-2) JBAS015876: Starting deployment of &quot;1fa5b91a-5380-4688-9e4b-74daee62bbbd.jar&quot;
17:38:08,214 INFO  [org.jboss.weld.deployer] (MSC service thread 1-2) JBAS016002: Processing weld deployment 1fa5b91a-5380-4688-9e4b-74daee62bbbd.jar
17:38:08,220 INFO  [org.jboss.weld.deployer] (MSC service thread 1-2) JBAS016005: Starting Services for CDI deployment: 1fa5b91a-5380-4688-9e4b-74daee62bbbd.jar
17:38:08,278 INFO  [org.jboss.as.arquillian] (MSC service thread 1-2) Arquillian deployment detected: ArquillianConfig[service=jboss.arquillian.config.&quot;1fa5b91a-5380-4688-9e4b-74daee62bbbd.jar&quot;,unit=1fa5b91a-5380-4688-9e4b-74daee62bbbd.jar,tests=[org.arquillian.example.HelloTest]]
17:38:08,283 INFO  [org.jboss.weld.deployer] (MSC service thread 1-3) JBAS016008: Starting weld service for deployment 1fa5b91a-5380-4688-9e4b-74daee62bbbd.jar
17:38:08,478 INFO  [org.jboss.as.server] (management-handler-thread - 3) JBAS018559: Deployed &quot;1fa5b91a-5380-4688-9e4b-74daee62bbbd.jar&quot;
17:38:08,970 SEVERE [org.jboss.arquillian.protocol.jmx.JMXTestRunner] (pool-5-thread-1) Failed: org.arquillian.example.HelloTest.isHelloValid: java.lang.AssertionError: 
	at org.junit.Assert.fail(Assert.java:91) [arquillian-service:]
	at org.junit.Assert.assertTrue(Assert.java:43) [arquillian-service:]
	at org.junit.Assert.assertNotNull(Assert.java:524) [arquillian-service:]
	at org.junit.Assert.assertNotNull(Assert.java:535) [arquillian-service:]
	at org.arquillian.example.HelloTest.isHelloValid(HelloTest.java:26) [1fa5b91a-5380-4688-9e4b-74daee62bbbd.jar:]
	at sun.reflect.NativeMethodAccessorImpl.invoke0(Native Method) [rt.jar:1.7.0_17]
	at sun.reflect.NativeMethodAccessorImpl.invoke(NativeMethodAccessorImpl.java:57) [rt.jar:1.7.0_17]
	at sun.reflect.DelegatingMethodAccessorImpl.invoke(DelegatingMethodAccessorImpl.java:43) [rt.jar:1.7.0_17]
	at java.lang.reflect.Method.invoke(Method.java:601) [rt.jar:1.7.0_17]
	at org.junit.runners.model.FrameworkMethod$1.runReflectiveCall(FrameworkMethod.java:44) [arquillian-service:]
	at org.junit.internal.runners.model.ReflectiveCallable.run(ReflectiveCallable.java:15) [arquillian-service:]
	at org.junit.runners.model.FrameworkMethod.invokeExplosively(FrameworkMethod.java:41) [arquillian-service:]
	at org.jboss.arquillian.junit.Arquillian$6$1.invoke(Arquillian.java:270) [arquillian-service:]
	at org.jboss.arquillian.container.test.impl.execution.LocalTestExecuter.execute(LocalTestExecuter.java:60) [arquillian-service:]
	at sun.reflect.NativeMethodAccessorImpl.invoke0(Native Method) [rt.jar:1.7.0_17]
	at sun.reflect.NativeMethodAccessorImpl.invoke(NativeMethodAccessorImpl.java:57) [rt.jar:1.7.0_17]
	at sun.reflect.DelegatingMethodAccessorImpl.invoke(DelegatingMethodAccessorImpl.java:43) [rt.jar:1.7.0_17]
	at java.lang.reflect.Method.invoke(Method.java:601) [rt.jar:1.7.0_17]
	at org.jboss.arquillian.core.impl.ObserverImpl.invoke(ObserverImpl.java:94) [arquillian-service:]
	at org.jboss.arquillian.core.impl.EventContextImpl.invokeObservers(EventContextImpl.java:99) [arquillian-service:]
	at org.jboss.arquillian.core.impl.EventContextImpl.proceed(EventContextImpl.java:81) [arquillian-service:]
	at org.jboss.arquillian.core.impl.ManagerImpl.fire(ManagerImpl.java:135) [arquillian-service:]
	at org.jboss.arquillian.core.impl.ManagerImpl.fire(ManagerImpl.java:115) [arquillian-service:]
	at org.jboss.arquillian.core.impl.EventImpl.fire(EventImpl.java:67) [arquillian-service:]
	at org.jboss.arquillian.container.test.impl.execution.ContainerTestExecuter.execute(ContainerTestExecuter.java:38) [arquillian-service:]
	at sun.reflect.NativeMethodAccessorImpl.invoke0(Native Method) [rt.jar:1.7.0_17]
	at sun.reflect.NativeMethodAccessorImpl.invoke(NativeMethodAccessorImpl.java:57) [rt.jar:1.7.0_17]
	at sun.reflect.DelegatingMethodAccessorImpl.invoke(DelegatingMethodAccessorImpl.java:43) [rt.jar:1.7.0_17]
	at java.lang.reflect.Method.invoke(Method.java:601) [rt.jar:1.7.0_17]
	at org.jboss.arquillian.core.impl.ObserverImpl.invoke(ObserverImpl.java:94) [arquillian-service:]
	at org.jboss.arquillian.core.impl.EventContextImpl.invokeObservers(EventContextImpl.java:99) [arquillian-service:]
	at org.jboss.arquillian.core.impl.EventContextImpl.proceed(EventContextImpl.java:81) [arquillian-service:]
	at org.jboss.arquillian.test.impl.TestContextHandler.createTestContext(TestContextHandler.java:102) [arquillian-service:]
	at sun.reflect.NativeMethodAccessorImpl.invoke0(Native Method) [rt.jar:1.7.0_17]
	at sun.reflect.NativeMethodAccessorImpl.invoke(NativeMethodAccessorImpl.java:57) [rt.jar:1.7.0_17]
	at sun.reflect.DelegatingMethodAccessorImpl.invoke(DelegatingMethodAccessorImpl.java:43) [rt.jar:1.7.0_17]
	at java.lang.reflect.Method.invoke(Method.java:601) [rt.jar:1.7.0_17]
	at org.jboss.arquillian.core.impl.ObserverImpl.invoke(ObserverImpl.java:94) [arquillian-service:]
	at org.jboss.arquillian.core.impl.EventContextImpl.proceed(EventContextImpl.java:88) [arquillian-service:]
	at org.jboss.arquillian.test.impl.TestContextHandler.createClassContext(TestContextHandler.java:84) [arquillian-service:]
	at sun.reflect.NativeMethodAccessorImpl.invoke0(Native Method) [rt.jar:1.7.0_17]
	at sun.reflect.NativeMethodAccessorImpl.invoke(NativeMethodAccessorImpl.java:57) [rt.jar:1.7.0_17]
	at sun.reflect.DelegatingMethodAccessorImpl.invoke(DelegatingMethodAccessorImpl.java:43) [rt.jar:1.7.0_17]
	at java.lang.reflect.Method.invoke(Method.java:601) [rt.jar:1.7.0_17]
	at org.jboss.arquillian.core.impl.ObserverImpl.invoke(ObserverImpl.java:94) [arquillian-service:]
	at org.jboss.arquillian.core.impl.EventContextImpl.proceed(EventContextImpl.java:88) [arquillian-service:]
	at org.jboss.arquillian.test.impl.TestContextHandler.createSuiteContext(TestContextHandler.java:65) [arquillian-service:]
	at sun.reflect.NativeMethodAccessorImpl.invoke0(Native Method) [rt.jar:1.7.0_17]
	at sun.reflect.NativeMethodAccessorImpl.invoke(NativeMethodAccessorImpl.java:57) [rt.jar:1.7.0_17]
	at sun.reflect.DelegatingMethodAccessorImpl.invoke(DelegatingMethodAccessorImpl.java:43) [rt.jar:1.7.0_17]
	at java.lang.reflect.Method.invoke(Method.java:601) [rt.jar:1.7.0_17]
	at org.jboss.arquillian.core.impl.ObserverImpl.invoke(ObserverImpl.java:94) [arquillian-service:]
	at org.jboss.arquillian.core.impl.EventContextImpl.proceed(EventContextImpl.java:88) [arquillian-service:]
	at org.jboss.arquillian.core.impl.ManagerImpl.fire(ManagerImpl.java:135) [arquillian-service:]
	at org.jboss.arquillian.test.impl.EventTestRunnerAdaptor.test(EventTestRunnerAdaptor.java:111) [arquillian-service:]
	at org.jboss.arquillian.junit.Arquillian$6.evaluate(Arquillian.java:263) [arquillian-service:]
	at org.jboss.arquillian.junit.Arquillian$4.evaluate(Arquillian.java:226) [arquillian-service:]
	at org.jboss.arquillian.junit.Arquillian.multiExecute(Arquillian.java:314) [arquillian-service:]
	at org.jboss.arquillian.junit.Arquillian.access$100(Arquillian.java:46) [arquillian-service:]
	at org.jboss.arquillian.junit.Arquillian$5.evaluate(Arquillian.java:240) [arquillian-service:]
	at org.junit.runners.BlockJUnit4ClassRunner.runChild(BlockJUnit4ClassRunner.java:76) [arquillian-service:]
	at org.junit.runners.BlockJUnit4ClassRunner.runChild(BlockJUnit4ClassRunner.java:50) [arquillian-service:]
	at org.junit.runners.ParentRunner$3.run(ParentRunner.java:193) [arquillian-service:]
	at org.junit.runners.ParentRunner$1.schedule(ParentRunner.java:52) [arquillian-service:]
	at org.junit.runners.ParentRunner.runChildren(ParentRunner.java:191) [arquillian-service:]
	at org.junit.runners.ParentRunner.access$000(ParentRunner.java:42) [arquillian-service:]
	at org.junit.runners.ParentRunner$2.evaluate(ParentRunner.java:184) [arquillian-service:]
	at org.jboss.arquillian.junit.Arquillian$2.evaluate(Arquillian.java:185) [arquillian-service:]
	at org.jboss.arquillian.junit.Arquillian.multiExecute(Arquillian.java:314) [arquillian-service:]
	at org.jboss.arquillian.junit.Arquillian.access$100(Arquillian.java:46) [arquillian-service:]
	at org.jboss.arquillian.junit.Arquillian$3.evaluate(Arquillian.java:199) [arquillian-service:]
	at org.junit.runners.ParentRunner.run(ParentRunner.java:236) [arquillian-service:]
	at org.jboss.arquillian.junit.Arquillian.run(Arquillian.java:147) [arquillian-service:]
	at org.junit.runner.JUnitCore.run(JUnitCore.java:157) [arquillian-service:]
	at org.junit.runner.JUnitCore.run(JUnitCore.java:136) [arquillian-service:]
	at org.jboss.arquillian.junit.container.JUnitTestRunner.execute(JUnitTestRunner.java:65) [arquillian-service:]
	at org.jboss.arquillian.protocol.jmx.JMXTestRunner.runTestMethodInternal(JMXTestRunner.java:129) [arquillian-service:]
	at org.jboss.arquillian.protocol.jmx.JMXTestRunner.runTestMethod(JMXTestRunner.java:108) [arquillian-service:]
	at org.jboss.as.arquillian.service.ArquillianService$ExtendedJMXTestRunner.runTestMethod(ArquillianService.java:226) [arquillian-service:]
	at sun.reflect.NativeMethodAccessorImpl.invoke0(Native Method) [rt.jar:1.7.0_17]
	at sun.reflect.NativeMethodAccessorImpl.invoke(NativeMethodAccessorImpl.java:57) [rt.jar:1.7.0_17]
	at sun.reflect.DelegatingMethodAccessorImpl.invoke(DelegatingMethodAccessorImpl.java:43) [rt.jar:1.7.0_17]
	at java.lang.reflect.Method.invoke(Method.java:601) [rt.jar:1.7.0_17]
	at com.sun.jmx.mbeanserver.StandardMBeanIntrospector.invokeM2(StandardMBeanIntrospector.java:111) [rt.jar:1.7.0_17]
	at com.sun.jmx.mbeanserver.StandardMBeanIntrospector.invokeM2(StandardMBeanIntrospector.java:45) [rt.jar:1.7.0_17]
	at com.sun.jmx.mbeanserver.MBeanIntrospector.invokeM(MBeanIntrospector.java:235) [rt.jar:1.7.0_17]
	at com.sun.jmx.mbeanserver.PerInterface.invoke(PerInterface.java:138) [rt.jar:1.7.0_17]
	at com.sun.jmx.mbeanserver.MBeanSupport.invoke(MBeanSupport.java:252) [rt.jar:1.7.0_17]
	at com.sun.jmx.interceptor.DefaultMBeanServerInterceptor.invoke(DefaultMBeanServerInterceptor.java:819) [rt.jar:1.7.0_17]
	at com.sun.jmx.mbeanserver.JmxMBeanServer.invoke(JmxMBeanServer.java:792) [rt.jar:1.7.0_17]
	at org.jboss.as.jmx.PluggableMBeanServerImpl$TcclMBeanServer.invoke(PluggableMBeanServerImpl.java:498)
	at org.jboss.as.jmx.PluggableMBeanServerImpl.invoke(PluggableMBeanServerImpl.java:246)
	at org.jboss.remotingjmx.protocol.v1.ServerProxy$InvokeHandler.handle(ServerProxy.java:1034)
	at org.jboss.remotingjmx.protocol.v1.ServerProxy$MessageReciever$1.run(ServerProxy.java:215)
	at java.util.concurrent.ThreadPoolExecutor.runWorker(ThreadPoolExecutor.java:1145) [rt.jar:1.7.0_17]
	at java.util.concurrent.ThreadPoolExecutor$Worker.run(ThreadPoolExecutor.java:615) [rt.jar:1.7.0_17]
	at java.lang.Thread.run(Thread.java:722) [rt.jar:1.7.0_17]

17:38:09,201 INFO  [org.jboss.as.repository] (management-handler-thread - 2) JBAS014900: Content added at location D:\java\jboss-as-7.1.1.Final\standalone\data\content\79\2d847738415f9adf86b4fea2ff8771e0b0e217\content
17:38:09,210 INFO  [org.jboss.as.server.deployment] (MSC service thread 1-3) JBAS015876: Starting deployment of &quot;9abb9f6d-724e-421d-a8df-bf024254db60.jar&quot;
17:38:09,269 INFO  [org.jboss.weld.deployer] (MSC service thread 1-4) JBAS016002: Processing weld deployment 9abb9f6d-724e-421d-a8df-bf024254db60.jar
17:38:09,276 INFO  [org.jboss.weld.deployer] (MSC service thread 1-4) JBAS016005: Starting Services for CDI deployment: 9abb9f6d-724e-421d-a8df-bf024254db60.jar
17:38:09,280 INFO  [org.jboss.as.arquillian] (MSC service thread 1-4) Arquillian deployment detected: ArquillianConfig[service=jboss.arquillian.config.&quot;9abb9f6d-724e-421d-a8df-bf024254db60.jar&quot;,unit=9abb9f6d-724e-421d-a8df-bf024254db60.jar,tests=[org.arquillian.example.HelloTest]]
17:38:09,285 INFO  [org.jboss.weld.deployer] (MSC service thread 1-4) JBAS016008: Starting weld service for deployment 9abb9f6d-724e-421d-a8df-bf024254db60.jar
17:38:09,422 INFO  [org.jboss.as.server] (management-handler-thread - 2) JBAS018559: Deployed &quot;9abb9f6d-724e-421d-a8df-bf024254db60.jar&quot;
17:38:09,451 INFO  [org.jboss.weld.deployer] (MSC service thread 1-1) JBAS016009: Stopping weld service for deployment 1fa5b91a-5380-4688-9e4b-74daee62bbbd.jar
17:38:09,477 INFO  [org.jboss.as.server.deployment] (MSC service thread 1-1) JBAS015877: Stopped deployment 1fa5b91a-5380-4688-9e4b-74daee62bbbd.jar in 38ms
17:38:09,518 INFO  [org.jboss.as.repository] (management-handler-thread - 1) JBAS014901: Content removed from location D:\java\jboss-as-7.1.1.Final\standalone\data\content\ac\04b308b6fd2bd3172ec9ff712087841b51ba93\content
17:38:09,520 INFO  [org.jboss.as.server] (management-handler-thread - 1) JBAS018558: Undeployed &quot;1fa5b91a-5380-4688-9e4b-74daee62bbbd.jar&quot;
17:38:09,570 INFO  [org.jboss.as.repository] (management-handler-thread - 4) JBAS014900: Content added at location D:\java\jboss-as-7.1.1.Final\standalone\data\content\2d\a613d5c116556b8cf44b455bae79490887066b\content
17:38:09,702 SEVERE [org.jboss.arquillian.protocol.jmx.JMXTestRunner] (pool-5-thread-2) Failed: org.arquillian.example.HelloTest.isHelloValid: java.lang.AssertionError: 
	at org.junit.Assert.fail(Assert.java:91) [arquillian-service:]
	at org.junit.Assert.assertTrue(Assert.java:43) [arquillian-service:]
	at org.junit.Assert.assertNotNull(Assert.java:524) [arquillian-service:]
	at org.junit.Assert.assertNotNull(Assert.java:535) [arquillian-service:]
	at org.arquillian.example.HelloTest.isHelloValid(HelloTest.java:26) [9abb9f6d-724e-421d-a8df-bf024254db60.jar:]
	at sun.reflect.NativeMethodAccessorImpl.invoke0(Native Method) [rt.jar:1.7.0_17]
	at sun.reflect.NativeMethodAccessorImpl.invoke(NativeMethodAccessorImpl.java:57) [rt.jar:1.7.0_17]
	at sun.reflect.DelegatingMethodAccessorImpl.invoke(DelegatingMethodAccessorImpl.java:43) [rt.jar:1.7.0_17]
	at java.lang.reflect.Method.invoke(Method.java:601) [rt.jar:1.7.0_17]
	at org.junit.runners.model.FrameworkMethod$1.runReflectiveCall(FrameworkMethod.java:44) [arquillian-service:]
	at org.junit.internal.runners.model.ReflectiveCallable.run(ReflectiveCallable.java:15) [arquillian-service:]
	at org.junit.runners.model.FrameworkMethod.invokeExplosively(FrameworkMethod.java:41) [arquillian-service:]
	at org.jboss.arquillian.junit.Arquillian$6$1.invoke(Arquillian.java:270) [arquillian-service:]
	at org.jboss.arquillian.container.test.impl.execution.LocalTestExecuter.execute(LocalTestExecuter.java:60) [arquillian-service:]
	at sun.reflect.NativeMethodAccessorImpl.invoke0(Native Method) [rt.jar:1.7.0_17]
	at sun.reflect.NativeMethodAccessorImpl.invoke(NativeMethodAccessorImpl.java:57) [rt.jar:1.7.0_17]
	at sun.reflect.DelegatingMethodAccessorImpl.invoke(DelegatingMethodAccessorImpl.java:43) [rt.jar:1.7.0_17]
	at java.lang.reflect.Method.invoke(Method.java:601) [rt.jar:1.7.0_17]
	at org.jboss.arquillian.core.impl.ObserverImpl.invoke(ObserverImpl.java:94) [arquillian-service:]
	at org.jboss.arquillian.core.impl.EventContextImpl.invokeObservers(EventContextImpl.java:99) [arquillian-service:]
	at org.jboss.arquillian.core.impl.EventContextImpl.proceed(EventContextImpl.java:81) [arquillian-service:]
	at org.jboss.arquillian.core.impl.ManagerImpl.fire(ManagerImpl.java:135) [arquillian-service:]
	at org.jboss.arquillian.core.impl.ManagerImpl.fire(ManagerImpl.java:115) [arquillian-service:]
	at org.jboss.arquillian.core.impl.EventImpl.fire(EventImpl.java:67) [arquillian-service:]
	at org.jboss.arquillian.container.test.impl.execution.ContainerTestExecuter.execute(ContainerTestExecuter.java:38) [arquillian-service:]
	at sun.reflect.NativeMethodAccessorImpl.invoke0(Native Method) [rt.jar:1.7.0_17]
	at sun.reflect.NativeMethodAccessorImpl.invoke(NativeMethodAccessorImpl.java:57) [rt.jar:1.7.0_17]
	at sun.reflect.DelegatingMethodAccessorImpl.invoke(DelegatingMethodAccessorImpl.java:43) [rt.jar:1.7.0_17]
	at java.lang.reflect.Method.invoke(Method.java:601) [rt.jar:1.7.0_17]
	at org.jboss.arquillian.core.impl.ObserverImpl.invoke(ObserverImpl.java:94) [arquillian-service:]
	at org.jboss.arquillian.core.impl.EventContextImpl.invokeObservers(EventContextImpl.java:99) [arquillian-service:]
	at org.jboss.arquillian.core.impl.EventContextImpl.proceed(EventContextImpl.java:81) [arquillian-service:]
	at org.jboss.arquillian.test.impl.TestContextHandler.createTestContext(TestContextHandler.java:102) [arquillian-service:]
	at sun.reflect.NativeMethodAccessorImpl.invoke0(Native Method) [rt.jar:1.7.0_17]
	at sun.reflect.NativeMethodAccessorImpl.invoke(NativeMethodAccessorImpl.java:57) [rt.jar:1.7.0_17]
	at sun.reflect.DelegatingMethodAccessorImpl.invoke(DelegatingMethodAccessorImpl.java:43) [rt.jar:1.7.0_17]
	at java.lang.reflect.Method.invoke(Method.java:601) [rt.jar:1.7.0_17]
	at org.jboss.arquillian.core.impl.ObserverImpl.invoke(ObserverImpl.java:94) [arquillian-service:]
	at org.jboss.arquillian.core.impl.EventContextImpl.proceed(EventContextImpl.java:88) [arquillian-service:]
	at org.jboss.arquillian.test.impl.TestContextHandler.createClassContext(TestContextHandler.java:84) [arquillian-service:]
	at sun.reflect.NativeMethodAccessorImpl.invoke0(Native Method) [rt.jar:1.7.0_17]
	at sun.reflect.NativeMethodAccessorImpl.invoke(NativeMethodAccessorImpl.java:57) [rt.jar:1.7.0_17]
	at sun.reflect.DelegatingMethodAccessorImpl.invoke(DelegatingMethodAccessorImpl.java:43) [rt.jar:1.7.0_17]
	at java.lang.reflect.Method.invoke(Method.java:601) [rt.jar:1.7.0_17]
	at org.jboss.arquillian.core.impl.ObserverImpl.invoke(ObserverImpl.java:94) [arquillian-service:]
	at org.jboss.arquillian.core.impl.EventContextImpl.proceed(EventContextImpl.java:88) [arquillian-service:]
	at org.jboss.arquillian.test.impl.TestContextHandler.createSuiteContext(TestContextHandler.java:65) [arquillian-service:]
	at sun.reflect.NativeMethodAccessorImpl.invoke0(Native Method) [rt.jar:1.7.0_17]
	at sun.reflect.NativeMethodAccessorImpl.invoke(NativeMethodAccessorImpl.java:57) [rt.jar:1.7.0_17]
	at sun.reflect.DelegatingMethodAccessorImpl.invoke(DelegatingMethodAccessorImpl.java:43) [rt.jar:1.7.0_17]
	at java.lang.reflect.Method.invoke(Method.java:601) [rt.jar:1.7.0_17]
	at org.jboss.arquillian.core.impl.ObserverImpl.invoke(ObserverImpl.java:94) [arquillian-service:]
	at org.jboss.arquillian.core.impl.EventContextImpl.proceed(EventContextImpl.java:88) [arquillian-service:]
	at org.jboss.arquillian.core.impl.ManagerImpl.fire(ManagerImpl.java:135) [arquillian-service:]
	at org.jboss.arquillian.test.impl.EventTestRunnerAdaptor.test(EventTestRunnerAdaptor.java:111) [arquillian-service:]
	at org.jboss.arquillian.junit.Arquillian$6.evaluate(Arquillian.java:263) [arquillian-service:]
	at org.jboss.arquillian.junit.Arquillian$4.evaluate(Arquillian.java:226) [arquillian-service:]
	at org.jboss.arquillian.junit.Arquillian.multiExecute(Arquillian.java:314) [arquillian-service:]
	at org.jboss.arquillian.junit.Arquillian.access$100(Arquillian.java:46) [arquillian-service:]
	at org.jboss.arquillian.junit.Arquillian$5.evaluate(Arquillian.java:240) [arquillian-service:]
	at org.junit.runners.BlockJUnit4ClassRunner.runChild(BlockJUnit4ClassRunner.java:76) [arquillian-service:]
	at org.junit.runners.BlockJUnit4ClassRunner.runChild(BlockJUnit4ClassRunner.java:50) [arquillian-service:]
	at org.junit.runners.ParentRunner$3.run(ParentRunner.java:193) [arquillian-service:]
	at org.junit.runners.ParentRunner$1.schedule(ParentRunner.java:52) [arquillian-service:]
	at org.junit.runners.ParentRunner.runChildren(ParentRunner.java:191) [arquillian-service:]
	at org.junit.runners.ParentRunner.access$000(ParentRunner.java:42) [arquillian-service:]
	at org.junit.runners.ParentRunner$2.evaluate(ParentRunner.java:184) [arquillian-service:]
	at org.jboss.arquillian.junit.Arquillian$2.evaluate(Arquillian.java:185) [arquillian-service:]
	at org.jboss.arquillian.junit.Arquillian.multiExecute(Arquillian.java:314) [arquillian-service:]
	at org.jboss.arquillian.junit.Arquillian.access$100(Arquillian.java:46) [arquillian-service:]
	at org.jboss.arquillian.junit.Arquillian$3.evaluate(Arquillian.java:199) [arquillian-service:]
	at org.junit.runners.ParentRunner.run(ParentRunner.java:236) [arquillian-service:]
	at org.jboss.arquillian.junit.Arquillian.run(Arquillian.java:147) [arquillian-service:]
	at org.junit.runner.JUnitCore.run(JUnitCore.java:157) [arquillian-service:]
	at org.junit.runner.JUnitCore.run(JUnitCore.java:136) [arquillian-service:]
	at org.jboss.arquillian.junit.container.JUnitTestRunner.execute(JUnitTestRunner.java:65) [arquillian-service:]
	at org.jboss.arquillian.protocol.jmx.JMXTestRunner.runTestMethodInternal(JMXTestRunner.java:129) [arquillian-service:]
	at org.jboss.arquillian.protocol.jmx.JMXTestRunner.runTestMethod(JMXTestRunner.java:108) [arquillian-service:]
	at org.jboss.as.arquillian.service.ArquillianService$ExtendedJMXTestRunner.runTestMethod(ArquillianService.java:226) [arquillian-service:]
	at sun.reflect.NativeMethodAccessorImpl.invoke0(Native Method) [rt.jar:1.7.0_17]
	at sun.reflect.NativeMethodAccessorImpl.invoke(NativeMethodAccessorImpl.java:57) [rt.jar:1.7.0_17]
	at sun.reflect.DelegatingMethodAccessorImpl.invoke(DelegatingMethodAccessorImpl.java:43) [rt.jar:1.7.0_17]
	at java.lang.reflect.Method.invoke(Method.java:601) [rt.jar:1.7.0_17]
	at com.sun.jmx.mbeanserver.StandardMBeanIntrospector.invokeM2(StandardMBeanIntrospector.java:111) [rt.jar:1.7.0_17]
	at com.sun.jmx.mbeanserver.StandardMBeanIntrospector.invokeM2(StandardMBeanIntrospector.java:45) [rt.jar:1.7.0_17]
	at com.sun.jmx.mbeanserver.MBeanIntrospector.invokeM(MBeanIntrospector.java:235) [rt.jar:1.7.0_17]
	at com.sun.jmx.mbeanserver.PerInterface.invoke(PerInterface.java:138) [rt.jar:1.7.0_17]
	at com.sun.jmx.mbeanserver.MBeanSupport.invoke(MBeanSupport.java:252) [rt.jar:1.7.0_17]
	at com.sun.jmx.interceptor.DefaultMBeanServerInterceptor.invoke(DefaultMBeanServerInterceptor.java:819) [rt.jar:1.7.0_17]
	at com.sun.jmx.mbeanserver.JmxMBeanServer.invoke(JmxMBeanServer.java:792) [rt.jar:1.7.0_17]
	at org.jboss.as.jmx.PluggableMBeanServerImpl$TcclMBeanServer.invoke(PluggableMBeanServerImpl.java:498)
	at org.jboss.as.jmx.PluggableMBeanServerImpl.invoke(PluggableMBeanServerImpl.java:246)
	at org.jboss.remotingjmx.protocol.v1.ServerProxy$InvokeHandler.handle(ServerProxy.java:1034)
	at org.jboss.remotingjmx.protocol.v1.ServerProxy$MessageReciever$1.run(ServerProxy.java:215)
	at java.util.concurrent.ThreadPoolExecutor.runWorker(ThreadPoolExecutor.java:1145) [rt.jar:1.7.0_17]
	at java.util.concurrent.ThreadPoolExecutor$Worker.run(ThreadPoolExecutor.java:615) [rt.jar:1.7.0_17]
	at java.lang.Thread.run(Thread.java:722) [rt.jar:1.7.0_17]

</system-out>
    <system-err>四月 20, 2017 5:37:55 下午 org.jboss.arquillian.container.impl.MapObject populate
WARNING: Configuration contain properties not supported by the backing object org.jboss.as.arquillian.container.managed.ManagedContainerConfiguration
Unused property entries: {jdk=1.8}
Supported property names: [managementPort, javaVmArguments, javaHome, username, managementAddress, serverConfig, allowConnectingToRunningServer, outputToConsole, jbossHome, enableAssertions, startupTimeoutInSeconds, password, modulePath]
四月 20, 2017 5:37:56 下午 org.jboss.as.arquillian.container.managed.ManagedDeployableContainer startInternal
INFO: Starting container with: [&quot;C:\Program Files\Java\jdk1.7.0_17\bin\java&quot;, -Xmx512m, -XX:MaxPermSize=128m, -ea, -Djboss.home.dir=D:\java\jboss-as-7.1.1.Final, -Dorg.jboss.boot.log.file=D:\java\jboss-as-7.1.1.Final/standalone/log/boot.log, -Dlogging.configuration=file:D:\java\jboss-as-7.1.1.Final/standalone/configuration/logging.properties, -Djboss.modules.dir=D:\java\jboss-as-7.1.1.Final\modules, -Djboss.bundles.dir=D:\java\jboss-as-7.1.1.Final\bundles, -jar, D:\java\jboss-as-7.1.1.Final\jboss-modules.jar, -mp, D:\java\jboss-as-7.1.1.Final\modules, -jaxpmodule, javax.xml.jaxp-provider, org.jboss.as.standalone, -server-config, standalone.xml]
四月 20, 2017 5:37:57 下午 org.xnio.Xnio &lt;clinit&gt;
INFO: XNIO Version 3.0.0.GA
四月 20, 2017 5:37:57 下午 org.xnio.nio.NioXnio &lt;clinit&gt;
INFO: XNIO NIO Implementation Version 3.0.0.GA
四月 20, 2017 5:37:57 下午 org.jboss.remoting3.EndpointImpl &lt;clinit&gt;
INFO: JBoss Remoting version 3.2.3.GA
四月 20, 2017 5:38:06 下午 org.jboss.as.arquillian.protocol.jmx.ArquillianServiceDeployer doServiceDeploy
INFO: Deploy arquillian service: arquillian-service: 851 assets
四月 20, 2017 5:38:09 下午 org.jboss.arquillian.protocol.jmx.JMXMethodExecutor invoke
SEVERE: Failed: org.arquillian.example.HelloTest.isHelloValid
java.lang.AssertionError: 
	at org.junit.Assert.fail(Assert.java:91)
	at org.junit.Assert.assertTrue(Assert.java:43)
	at org.junit.Assert.assertNotNull(Assert.java:524)
	at org.junit.Assert.assertNotNull(Assert.java:535)
	at org.arquillian.example.HelloTest.isHelloValid(HelloTest.java:26)
	at sun.reflect.NativeMethodAccessorImpl.invoke0(Native Method)
	at sun.reflect.NativeMethodAccessorImpl.invoke(NativeMethodAccessorImpl.java:57)
	at sun.reflect.DelegatingMethodAccessorImpl.invoke(DelegatingMethodAccessorImpl.java:43)
	at java.lang.reflect.Method.invoke(Method.java:601)
	at org.junit.runners.model.FrameworkMethod$1.runReflectiveCall(FrameworkMethod.java:44)
	at org.junit.internal.runners.model.ReflectiveCallable.run(ReflectiveCallable.java:15)
	at org.junit.runners.model.FrameworkMethod.invokeExplosively(FrameworkMethod.java:41)
	at org.jboss.arquillian.junit.Arquillian$6$1.invoke(Arquillian.java:270)
	at org.jboss.arquillian.container.test.impl.execution.LocalTestExecuter.execute(LocalTestExecuter.java:60)
	at sun.reflect.NativeMethodAccessorImpl.invoke0(Native Method)
	at sun.reflect.NativeMethodAccessorImpl.invoke(NativeMethodAccessorImpl.java:57)
	at sun.reflect.DelegatingMethodAccessorImpl.invoke(DelegatingMethodAccessorImpl.java:43)
	at java.lang.reflect.Method.invoke(Method.java:601)
	at org.jboss.arquillian.core.impl.ObserverImpl.invoke(ObserverImpl.java:94)
	at org.jboss.arquillian.core.impl.EventContextImpl.invokeObservers(EventContextImpl.java:99)
	at org.jboss.arquillian.core.impl.EventContextImpl.proceed(EventContextImpl.java:81)
	at org.jboss.arquillian.core.impl.ManagerImpl.fire(ManagerImpl.java:135)
	at org.jboss.arquillian.core.impl.ManagerImpl.fire(ManagerImpl.java:115)
	at org.jboss.arquillian.core.impl.EventImpl.fire(EventImpl.java:67)
	at org.jboss.arquillian.container.test.impl.execution.ContainerTestExecuter.execute(ContainerTestExecuter.java:38)
	at sun.reflect.NativeMethodAccessorImpl.invoke0(Native Method)
	at sun.reflect.NativeMethodAccessorImpl.invoke(NativeMethodAccessorImpl.java:57)
	at sun.reflect.DelegatingMethodAccessorImpl.invoke(DelegatingMethodAccessorImpl.java:43)
	at java.lang.reflect.Method.invoke(Method.java:601)
	at org.jboss.arquillian.core.impl.ObserverImpl.invoke(ObserverImpl.java:94)
	at org.jboss.arquillian.core.impl.EventContextImpl.invokeObservers(EventContextImpl.java:99)
	at org.jboss.arquillian.core.impl.EventContextImpl.proceed(EventContextImpl.java:81)
	at org.jboss.arquillian.test.impl.TestContextHandler.createTestContext(TestContextHandler.java:102)
	at sun.reflect.NativeMethodAccessorImpl.invoke0(Native Method)
	at sun.reflect.NativeMethodAccessorImpl.invoke(NativeMethodAccessorImpl.java:57)
	at sun.reflect.DelegatingMethodAccessorImpl.invoke(DelegatingMethodAccessorImpl.java:43)
	at java.lang.reflect.Method.invoke(Method.java:601)
	at org.jboss.arquillian.core.impl.ObserverImpl.invoke(ObserverImpl.java:94)
	at org.jboss.arquillian.core.impl.EventContextImpl.proceed(EventContextImpl.java:88)
	at org.jboss.arquillian.test.impl.TestContextHandler.createClassContext(TestContextHandler.java:84)
	at sun.reflect.NativeMethodAccessorImpl.invoke0(Native Method)
	at sun.reflect.NativeMethodAccessorImpl.invoke(NativeMethodAccessorImpl.java:57)
	at sun.reflect.DelegatingMethodAccessorImpl.invoke(DelegatingMethodAccessorImpl.java:43)
	at java.lang.reflect.Method.invoke(Method.java:601)
	at org.jboss.arquillian.core.impl.ObserverImpl.invoke(ObserverImpl.java:94)
	at org.jboss.arquillian.core.impl.EventContextImpl.proceed(EventContextImpl.java:88)
	at org.jboss.arquillian.test.impl.TestContextHandler.createSuiteContext(TestContextHandler.java:65)
	at sun.reflect.NativeMethodAccessorImpl.invoke0(Native Method)
	at sun.reflect.NativeMethodAccessorImpl.invoke(NativeMethodAccessorImpl.java:57)
	at sun.reflect.DelegatingMethodAccessorImpl.invoke(DelegatingMethodAccessorImpl.java:43)
	at java.lang.reflect.Method.invoke(Method.java:601)
	at org.jboss.arquillian.core.impl.ObserverImpl.invoke(ObserverImpl.java:94)
	at org.jboss.arquillian.core.impl.EventContextImpl.proceed(EventContextImpl.java:88)
	at org.jboss.arquillian.core.impl.ManagerImpl.fire(ManagerImpl.java:135)
	at org.jboss.arquillian.test.impl.EventTestRunnerAdaptor.test(EventTestRunnerAdaptor.java:111)
	at org.jboss.arquillian.junit.Arquillian$6.evaluate(Arquillian.java:263)
	at org.jboss.arquillian.junit.Arquillian$4.evaluate(Arquillian.java:226)
	at org.jboss.arquillian.junit.Arquillian.multiExecute(Arquillian.java:314)
	at org.jboss.arquillian.junit.Arquillian.access$100(Arquillian.java:46)
	at org.jboss.arquillian.junit.Arquillian$5.evaluate(Arquillian.java:240)
	at org.junit.runners.BlockJUnit4ClassRunner.runChild(BlockJUnit4ClassRunner.java:76)
	at org.junit.runners.BlockJUnit4ClassRunner.runChild(BlockJUnit4ClassRunner.java:50)
	at org.junit.runners.ParentRunner$3.run(ParentRunner.java:193)
	at org.junit.runners.ParentRunner$1.schedule(ParentRunner.java:52)
	at org.junit.runners.ParentRunner.runChildren(ParentRunner.java:191)
	at org.junit.runners.ParentRunner.access$000(ParentRunner.java:42)
	at org.junit.runners.ParentRunner$2.evaluate(ParentRunner.java:184)
	at org.jboss.arquillian.junit.Arquillian$2.evaluate(Arquillian.java:185)
	at org.jboss.arquillian.junit.Arquillian.multiExecute(Arquillian.java:314)
	at org.jboss.arquillian.junit.Arquillian.access$100(Arquillian.java:46)
	at org.jboss.arquillian.junit.Arquillian$3.evaluate(Arquillian.java:199)
	at org.junit.runners.ParentRunner.run(ParentRunner.java:236)
	at org.jboss.arquillian.junit.Arquillian.run(Arquillian.java:147)
	at org.junit.runner.JUnitCore.run(JUnitCore.java:157)
	at org.junit.runner.JUnitCore.run(JUnitCore.java:136)
	at org.jboss.arquillian.junit.container.JUnitTestRunner.execute(JUnitTestRunner.java:65)
	at org.jboss.arquillian.protocol.jmx.JMXTestRunner.runTestMethodInternal(JMXTestRunner.java:129)
	at org.jboss.arquillian.protocol.jmx.JMXTestRunner.runTestMethod(JMXTestRunner.java:108)
	at org.jboss.as.arquillian.service.ArquillianService$ExtendedJMXTestRunner.runTestMethod(ArquillianService.java:226)
	at sun.reflect.NativeMethodAccessorImpl.invoke0(Native Method)
	at sun.reflect.NativeMethodAccessorImpl.invoke(NativeMethodAccessorImpl.java:57)
	at sun.reflect.DelegatingMethodAccessorImpl.invoke(DelegatingMethodAccessorImpl.java:43)
	at java.lang.reflect.Method.invoke(Method.java:601)
	at com.sun.jmx.mbeanserver.StandardMBeanIntrospector.invokeM2(StandardMBeanIntrospector.java:111)
	at com.sun.jmx.mbeanserver.StandardMBeanIntrospector.invokeM2(StandardMBeanIntrospector.java:45)
	at com.sun.jmx.mbeanserver.MBeanIntrospector.invokeM(MBeanIntrospector.java:235)
	at com.sun.jmx.mbeanserver.PerInterface.invoke(PerInterface.java:138)
	at com.sun.jmx.mbeanserver.MBeanSupport.invoke(MBeanSupport.java:252)
	at com.sun.jmx.interceptor.DefaultMBeanServerInterceptor.invoke(DefaultMBeanServerInterceptor.java:819)
	at com.sun.jmx.mbeanserver.JmxMBeanServer.invoke(JmxMBeanServer.java:792)
	at org.jboss.as.jmx.PluggableMBeanServerImpl$TcclMBeanServer.invoke(PluggableMBeanServerImpl.java:498)
	at org.jboss.as.jmx.PluggableMBeanServerImpl.invoke(PluggableMBeanServerImpl.java:246)
	at org.jboss.remotingjmx.protocol.v1.ServerProxy$InvokeHandler.handle(ServerProxy.java:1034)
	at org.jboss.remotingjmx.protocol.v1.ServerProxy$MessageReciever$1.run(ServerProxy.java:215)
	at java.util.concurrent.ThreadPoolExecutor.runWorker(ThreadPoolExecutor.java:1145)
	at java.util.concurrent.ThreadPoolExecutor$Worker.run(ThreadPoolExecutor.java:615)
	at java.lang.Thread.run(Thread.java:722)

</system-err>
  </testcase>
</testsuite>