<?xml version="1.0" encoding="UTF-8" ?>
<testsuite failures="0" time="29.908" errors="1" skipped="0" tests="1" name="org.arquillian.example.MySimpleBeanTest">
  <properties>
[...]
</properties>
  <testcase time="29.908" classname="org.arquillian.example.MySimpleBeanTest" name="should_be_deployed">
    <error message="Cannot obtain Arquillian config for: org.arquillian.example.MySimpleBeanTest" type="java.lang.IllegalStateException">java.lang.IllegalStateException: Cannot obtain Arquillian config for: org.arquillian.example.MySimpleBeanTest
	at org.jboss.as.arquillian.service.ArquillianService.getArquillianConfig(ArquillianService.java:183)
	at org.jboss.as.arquillian.service.ArquillianService.getArquillianConfig(ArquillianService.java:193)
	at org.jboss.as.arquillian.service.ArquillianService.access$300(ArquillianService.java:69)
	at org.jboss.as.arquillian.service.ArquillianService$ExtendedJMXTestRunner.runTestMethod(ArquillianService.java:222)
	at sun.reflect.NativeMethodAccessorImpl.invoke0(Native Method)
	at sun.reflect.NativeMethodAccessorImpl.invoke(NativeMethodAccessorImpl.java:57)
	at sun.reflect.DelegatingMethodAccessorImpl.invoke(DelegatingMethodAccessorImpl.java:43)
	at java.lang.reflect.Method.invoke(Method.java:601)
	at com.sun.jmx.mbeanserver.StandardMBeanIntrospector.invokeM2(StandardMBeanIntrospector.java:111)
	at com.sun.jmx.mbeanserver.StandardMBeanIntrospector.invokeM2(StandardMBeanIntrospector.java:45)
	at com.sun.jmx.mbeanserver.MBeanIntrospector.invokeM(MBeanIntrospector.java:235)
	at com.sun.jmx.mbeanserver.PerInterface.invoke(PerInterface.java:138)
	at com.sun.jmx.mbeanserver.MBeanSupport.invoke(MBeanSupport.java:252)
	at com.sun.jmx.interceptor.DefaultMBeanServerInterceptor.invoke(DefaultMBeanServerInterceptor.java:819)
	at com.sun.jmx.mbeanserver.JmxMBeanServer.invoke(JmxMBeanServer.java:792)
	at org.jboss.as.jmx.PluggableMBeanServerImpl$TcclMBeanServer.invoke(PluggableMBeanServerImpl.java:498)
	at org.jboss.as.jmx.PluggableMBeanServerImpl.invoke(PluggableMBeanServerImpl.java:246)
	at org.jboss.remotingjmx.protocol.v1.ServerProxy$InvokeHandler.handle(ServerProxy.java:1034)
	at org.jboss.remotingjmx.protocol.v1.ServerProxy$MessageReciever$1.run(ServerProxy.java:215)
	at java.util.concurrent.ThreadPoolExecutor.runWorker(ThreadPoolExecutor.java:1145)
	at java.util.concurrent.ThreadPoolExecutor$Worker.run(ThreadPoolExecutor.java:615)
	at java.lang.Thread.run(Thread.java:722)
</error>
    <system-out>17:38:09,987 INFO  [org.jboss.weld.deployer] (MSC service thread 1-1) JBAS016009: Stopping weld service for deployment 9abb9f6d-724e-421d-a8df-bf024254db60.jar
17:38:09,997 INFO  [org.jboss.as.server.deployment] (MSC service thread 1-1) JBAS015877: Stopped deployment 9abb9f6d-724e-421d-a8df-bf024254db60.jar in 19ms
17:38:10,161 INFO  [org.jboss.as.repository] (management-handler-thread - 3) JBAS014901: Content removed from location D:\java\jboss-as-7.1.1.Final\standalone\data\content\79\2d847738415f9adf86b4fea2ff8771e0b0e217\content
17:38:10,165 INFO  [org.jboss.as.server] (management-handler-thread - 3) JBAS018558: Undeployed &quot;9abb9f6d-724e-421d-a8df-bf024254db60.jar&quot;
17:38:10,235 INFO  [org.jboss.as.repository] (management-handler-thread - 1) JBAS014900: Content added at location D:\java\jboss-as-7.1.1.Final\standalone\data\content\6d\58c86492221803d44a952672ee0721758e5a6d\content
17:38:39,694 INFO  [org.jboss.weld.deployer] (MSC service thread 1-3) JBAS016009: Stopping weld service for deployment test.jar
17:38:39,705 INFO  [org.jboss.as.server.deployment] (MSC service thread 1-1) JBAS015877: Stopped deployment test.jar in 14ms
17:38:39,721 INFO  [org.jboss.as.repository] (management-handler-thread - 2) JBAS014901: Content removed from location D:\java\jboss-as-7.1.1.Final\standalone\data\content\83\433855762e844fc6cec9c5e192d79cdc0f006e\content
17:38:39,722 INFO  [org.jboss.as.server] (management-handler-thread - 2) JBAS018558: Undeployed &quot;test.jar&quot;
17:38:39,758 INFO  [org.jboss.as.server.deployment] (MSC service thread 1-1) JBAS015877: Stopped deployment arquillian-service in 8ms
17:38:39,772 INFO  [org.jboss.as.repository] (management-handler-thread - 3) JBAS014901: Content removed from location D:\java\jboss-as-7.1.1.Final\standalone\data\content\13\c3435171563ca050b40cd492f06daf6c0eee29\content
17:38:39,773 INFO  [org.jboss.as.server] (management-handler-thread - 3) JBAS018558: Undeployed &quot;arquillian-service&quot;
17:38:40,517 WARN  [org.jboss.remotingjmx.protocol.v1.ServerProxy] (pool-5-thread-2) Failure removing notification listener: javax.management.InstanceNotFoundException: jboss.arquillian:service=jmx-test-runner
	at com.sun.jmx.interceptor.DefaultMBeanServerInterceptor.getMBean(DefaultMBeanServerInterceptor.java:1095) [rt.jar:1.7.0_17]
	at com.sun.jmx.interceptor.DefaultMBeanServerInterceptor.getClassLoaderFor(DefaultMBeanServerInterceptor.java:1444) [rt.jar:1.7.0_17]
	at com.sun.jmx.mbeanserver.JmxMBeanServer.getClassLoaderFor(JmxMBeanServer.java:1309) [rt.jar:1.7.0_17]
	at org.jboss.as.jmx.PluggableMBeanServerImpl$TcclMBeanServer.pushClassLoader(PluggableMBeanServerImpl.java:588)
	at org.jboss.as.jmx.PluggableMBeanServerImpl$TcclMBeanServer.removeNotificationListener(PluggableMBeanServerImpl.java:527)
	at org.jboss.as.jmx.PluggableMBeanServerImpl.removeNotificationListener(PluggableMBeanServerImpl.java:296)
	at org.jboss.remotingjmx.protocol.v1.ServerProxy$RemoteNotificationManager.removeNotificationListener(ServerProxy.java:308)
	at org.jboss.remotingjmx.protocol.v1.ServerProxy$RemoteNotificationManager.removeNotificationListeners(ServerProxy.java:318)
	at org.jboss.remotingjmx.protocol.v1.ServerProxy$RemoteNotificationManager.access$4500(ServerProxy.java:278)
	at org.jboss.remotingjmx.protocol.v1.ServerProxy$RemoveNotificationListenerHandler.handle(ServerProxy.java:1118)
	at org.jboss.remotingjmx.protocol.v1.ServerProxy$MessageReciever$1.run(ServerProxy.java:215)
	at java.util.concurrent.ThreadPoolExecutor.runWorker(ThreadPoolExecutor.java:1145) [rt.jar:1.7.0_17]
	at java.util.concurrent.ThreadPoolExecutor$Worker.run(ThreadPoolExecutor.java:615) [rt.jar:1.7.0_17]
	at java.lang.Thread.run(Thread.java:722) [rt.jar:1.7.0_17]

</system-out>
    <system-err>四月 20, 2017 5:38:40 下午 org.jboss.arquillian.protocol.jmx.JMXMethodExecutor invoke
SEVERE: Failed: org.arquillian.example.MySimpleBeanTest.should_be_deployed
java.lang.IllegalStateException: Cannot obtain Arquillian config for: org.arquillian.example.MySimpleBeanTest
	at org.jboss.as.arquillian.service.ArquillianService.getArquillianConfig(ArquillianService.java:183)
	at org.jboss.as.arquillian.service.ArquillianService.getArquillianConfig(ArquillianService.java:193)
	at org.jboss.as.arquillian.service.ArquillianService.access$300(ArquillianService.java:69)
	at org.jboss.as.arquillian.service.ArquillianService$ExtendedJMXTestRunner.runTestMethod(ArquillianService.java:222)
	at sun.reflect.NativeMethodAccessorImpl.invoke0(Native Method)
	at sun.reflect.NativeMethodAccessorImpl.invoke(NativeMethodAccessorImpl.java:57)
	at sun.reflect.DelegatingMethodAccessorImpl.invoke(DelegatingMethodAccessorImpl.java:43)
	at java.lang.reflect.Method.invoke(Method.java:601)
	at com.sun.jmx.mbeanserver.StandardMBeanIntrospector.invokeM2(StandardMBeanIntrospector.java:111)
	at com.sun.jmx.mbeanserver.StandardMBeanIntrospector.invokeM2(StandardMBeanIntrospector.java:45)
	at com.sun.jmx.mbeanserver.MBeanIntrospector.invokeM(MBeanIntrospector.java:235)
	at com.sun.jmx.mbeanserver.PerInterface.invoke(PerInterface.java:138)
	at com.sun.jmx.mbeanserver.MBeanSupport.invoke(MBeanSupport.java:252)
	at com.sun.jmx.interceptor.DefaultMBeanServerInterceptor.invoke(DefaultMBeanServerInterceptor.java:819)
	at com.sun.jmx.mbeanserver.JmxMBeanServer.invoke(JmxMBeanServer.java:792)
	at org.jboss.as.jmx.PluggableMBeanServerImpl$TcclMBeanServer.invoke(PluggableMBeanServerImpl.java:498)
	at org.jboss.as.jmx.PluggableMBeanServerImpl.invoke(PluggableMBeanServerImpl.java:246)
	at org.jboss.remotingjmx.protocol.v1.ServerProxy$InvokeHandler.handle(ServerProxy.java:1034)
	at org.jboss.remotingjmx.protocol.v1.ServerProxy$MessageReciever$1.run(ServerProxy.java:215)
	at java.util.concurrent.ThreadPoolExecutor.runWorker(ThreadPoolExecutor.java:1145)
	at java.util.concurrent.ThreadPoolExecutor$Worker.run(ThreadPoolExecutor.java:615)
	at java.lang.Thread.run(Thread.java:722)

</system-err>
  </testcase>
</testsuite>